2021-09-01 09:29:10,194 p=11827 u=root n=ansible | PLAY [Generate artifact, copy artifact & sql file to files directory] *******************************
2021-09-01 09:29:10,217 p=11827 u=root n=ansible | TASK [Gathering Facts] ******************************************************************************
2021-09-01 09:29:12,475 p=11827 u=root n=ansible | ok: [localhost]
2021-09-01 09:29:12,507 p=11827 u=root n=ansible | TASK [Install  jdk, maven, git] *********************************************************************
2021-09-01 09:29:31,419 p=11827 u=root n=ansible | ok: [localhost] => (item=git)
2021-09-01 09:29:44,540 p=11827 u=root n=ansible | failed: [localhost] (item=openjdk-8-jdk) => {"ansible_loop_var": "item", "cache_update_time": 1630488573, "cache_updated": true, "changed": false, "item": "openjdk-8-jdk", "msg": "'/usr/bin/apt-get -y -o \"Dpkg::Options::=--force-confdef\" -o \"Dpkg::Options::=--force-confold\"       install 'openjdk-8-jdk'' failed: E: Could not get lock /var/lib/dpkg/lock-frontend. It is held by process 1062 (unattended-upgr)\nE: Unable to acquire the dpkg frontend lock (/var/lib/dpkg/lock-frontend), is another process using it?\n", "rc": 100, "stderr": "E: Could not get lock /var/lib/dpkg/lock-frontend. It is held by process 1062 (unattended-upgr)\nE: Unable to acquire the dpkg frontend lock (/var/lib/dpkg/lock-frontend), is another process using it?\n", "stderr_lines": ["E: Could not get lock /var/lib/dpkg/lock-frontend. It is held by process 1062 (unattended-upgr)", "E: Unable to acquire the dpkg frontend lock (/var/lib/dpkg/lock-frontend), is another process using it?"], "stdout": "", "stdout_lines": []}
2021-09-01 09:29:48,462 p=11827 u=root n=ansible | failed: [localhost] (item=maven) => {"ansible_loop_var": "item", "cache_update_time": 1630488586, "cache_updated": true, "changed": false, "item": "maven", "msg": "'/usr/bin/apt-get -y -o \"Dpkg::Options::=--force-confdef\" -o \"Dpkg::Options::=--force-confold\"       install 'maven'' failed: E: Could not get lock /var/lib/dpkg/lock-frontend. It is held by process 1062 (unattended-upgr)\nE: Unable to acquire the dpkg frontend lock (/var/lib/dpkg/lock-frontend), is another process using it?\n", "rc": 100, "stderr": "E: Could not get lock /var/lib/dpkg/lock-frontend. It is held by process 1062 (unattended-upgr)\nE: Unable to acquire the dpkg frontend lock (/var/lib/dpkg/lock-frontend), is another process using it?\n", "stderr_lines": ["E: Could not get lock /var/lib/dpkg/lock-frontend. It is held by process 1062 (unattended-upgr)", "E: Unable to acquire the dpkg frontend lock (/var/lib/dpkg/lock-frontend), is another process using it?"], "stdout": "", "stdout_lines": []}
2021-09-01 09:29:48,471 p=11827 u=root n=ansible | PLAY RECAP ******************************************************************************************
2021-09-01 09:29:48,473 p=11827 u=root n=ansible | localhost                  : ok=1    changed=0    unreachable=0    failed=1    skipped=0    rescued=0    ignored=0   
2021-09-01 09:41:00,154 p=26903 u=root n=ansible | PLAY [Generate artifact, copy artifact & sql file to files directory] *******************************
2021-09-01 09:41:00,168 p=26903 u=root n=ansible | TASK [Gathering Facts] ******************************************************************************
2021-09-01 09:41:01,291 p=26903 u=root n=ansible | ok: [localhost]
2021-09-01 09:41:01,306 p=26903 u=root n=ansible | TASK [Install  jdk, maven, git] *********************************************************************
2021-09-01 09:41:03,330 p=26903 u=root n=ansible | ok: [localhost] => (item=git)
2021-09-01 09:41:46,354 p=26903 u=root n=ansible | changed: [localhost] => (item=openjdk-8-jdk)
2021-09-01 09:41:56,909 p=26903 u=root n=ansible | changed: [localhost] => (item=maven)
2021-09-01 09:41:56,921 p=26903 u=root n=ansible | TASK [Clone source code from github] ****************************************************************
2021-09-01 09:42:00,710 p=26903 u=root n=ansible | changed: [localhost]
2021-09-01 09:42:00,720 p=26903 u=root n=ansible | TASK [mvn install command to build artifact] ********************************************************
2021-09-01 09:42:44,428 p=26903 u=root n=ansible | changed: [localhost]
2021-09-01 09:42:44,448 p=26903 u=root n=ansible | TASK [Copy artifacts to files directory] ************************************************************
2021-09-01 09:42:45,495 p=26903 u=root n=ansible | changed: [localhost] => (item=/root/ansible-aws-vpc/provision-stack/Vprofile-repo/target/vprofile-v2.war)
2021-09-01 09:42:45,505 p=26903 u=root n=ansible | TASK [Copy SQL file to files directory] *************************************************************
2021-09-01 09:42:45,889 p=26903 u=root n=ansible | changed: [localhost]
2021-09-01 09:42:45,903 p=26903 u=root n=ansible | PLAY RECAP ******************************************************************************************
2021-09-01 09:42:45,904 p=26903 u=root n=ansible | localhost                  : ok=6    changed=5    unreachable=0    failed=0    skipped=0    rescued=0    ignored=0   
2021-09-01 09:47:19,338 p=32806 u=root n=ansible | PLAY [Generate artifact, copy artifact & sql file to files directory] *******************************
2021-09-01 09:47:19,353 p=32806 u=root n=ansible | TASK [Gathering Facts] ******************************************************************************
2021-09-01 09:47:20,538 p=32806 u=root n=ansible | ok: [localhost]
2021-09-01 09:47:20,552 p=32806 u=root n=ansible | TASK [Install  jdk, maven, git] *********************************************************************
2021-09-01 09:47:22,849 p=32806 u=root n=ansible | ok: [localhost] => (item=git)
2021-09-01 09:47:24,577 p=32806 u=root n=ansible | ok: [localhost] => (item=openjdk-8-jdk)
2021-09-01 09:47:26,308 p=32806 u=root n=ansible | ok: [localhost] => (item=maven)
2021-09-01 09:47:26,318 p=32806 u=root n=ansible | TASK [Clone source code from github] ****************************************************************
2021-09-01 09:47:27,022 p=32806 u=root n=ansible | ok: [localhost]
2021-09-01 09:47:27,032 p=32806 u=root n=ansible | TASK [mvn install command to build artifact] ********************************************************
2021-09-01 09:47:27,044 p=32806 u=root n=ansible | skipping: [localhost]
2021-09-01 09:47:27,053 p=32806 u=root n=ansible | TASK [Copy artifacts to files directory] ************************************************************
2021-09-01 09:47:27,911 p=32806 u=root n=ansible | ok: [localhost] => (item=/root/ansible-aws-vpc/provision-stack/Vprofile-repo/target/vprofile-v2.war)
2021-09-01 09:47:27,920 p=32806 u=root n=ansible | TASK [Copy SQL file to files directory] *************************************************************
2021-09-01 09:47:28,330 p=32806 u=root n=ansible | ok: [localhost]
2021-09-01 09:47:28,345 p=32806 u=root n=ansible | PLAY RECAP ******************************************************************************************
2021-09-01 09:47:28,346 p=32806 u=root n=ansible | localhost                  : ok=5    changed=0    unreachable=0    failed=0    skipped=1    rescued=0    ignored=0   
2021-09-01 09:53:49,167 p=33910 u=root n=ansible | PLAY [Set host to ip mapping in /etc/hosts file of all the instances in the stack] ******************
2021-09-01 09:53:49,177 p=33910 u=root n=ansible | TASK [Gathering Facts] ******************************************************************************
2021-09-01 09:53:50,678 p=33910 u=root n=ansible | ok: [cntl]
2021-09-01 09:53:51,427 p=33910 u=root n=ansible | ok: [app01]
2021-09-01 09:53:51,621 p=33910 u=root n=ansible | ok: [web01]
2021-09-01 09:53:51,764 p=33910 u=root n=ansible | ok: [rmq01]
2021-09-01 09:53:52,146 p=33910 u=root n=ansible | ok: [mc01]
2021-09-01 09:53:53,772 p=33910 u=root n=ansible | ok: [db01]
2021-09-01 09:53:53,788 p=33910 u=root n=ansible | TASK [Import VPC setup Variable] ********************************************************************
2021-09-01 09:53:53,830 p=33910 u=root n=ansible | ok: [cntl]
2021-09-01 09:53:53,855 p=33910 u=root n=ansible | ok: [web01]
2021-09-01 09:53:53,873 p=33910 u=root n=ansible | ok: [app01]
2021-09-01 09:53:53,891 p=33910 u=root n=ansible | ok: [rmq01]
2021-09-01 09:53:53,895 p=33910 u=root n=ansible | ok: [mc01]
2021-09-01 09:53:53,901 p=33910 u=root n=ansible | ok: [db01]
2021-09-01 09:53:53,910 p=33910 u=root n=ansible | TASK [Update hosts file for all the hosts] **********************************************************
2021-09-01 09:53:54,699 p=33910 u=root n=ansible | changed: [mc01]
2021-09-01 09:53:54,700 p=33910 u=root n=ansible | changed: [web01]
2021-09-01 09:53:54,701 p=33910 u=root n=ansible | changed: [rmq01]
2021-09-01 09:53:54,701 p=33910 u=root n=ansible | changed: [app01]
2021-09-01 09:53:54,730 p=33910 u=root n=ansible | changed: [cntl]
2021-09-01 09:53:54,989 p=33910 u=root n=ansible | changed: [db01]
2021-09-01 09:53:55,005 p=33910 u=root n=ansible | PLAY RECAP ******************************************************************************************
2021-09-01 09:53:55,005 p=33910 u=root n=ansible | app01                      : ok=3    changed=1    unreachable=0    failed=0    skipped=0    rescued=0    ignored=0   
2021-09-01 09:53:55,005 p=33910 u=root n=ansible | cntl                       : ok=3    changed=1    unreachable=0    failed=0    skipped=0    rescued=0    ignored=0   
2021-09-01 09:53:55,006 p=33910 u=root n=ansible | db01                       : ok=3    changed=1    unreachable=0    failed=0    skipped=0    rescued=0    ignored=0   
2021-09-01 09:53:55,006 p=33910 u=root n=ansible | mc01                       : ok=3    changed=1    unreachable=0    failed=0    skipped=0    rescued=0    ignored=0   
2021-09-01 09:53:55,006 p=33910 u=root n=ansible | rmq01                      : ok=3    changed=1    unreachable=0    failed=0    skipped=0    rescued=0    ignored=0   
2021-09-01 09:53:55,006 p=33910 u=root n=ansible | web01                      : ok=3    changed=1    unreachable=0    failed=0    skipped=0    rescued=0    ignored=0   
